<?xml version="1.0" encoding="UTF-8"?>
<!-- Generated by org.testng.reporters.JUnitReportReporter -->
<testsuite hostname="LAPTOP-T032CN5E" name="com.vtiger.genericLib.Assertions" tests="3" failures="0" timestamp="6 Sep 2021 05:12:40 GMT" time="0.011" errors="0">
  <testcase name="checkStrictHardAssertion" time="0.000" classname="com.vtiger.genericLib.Assertions"/>
  <testcase name="checkContainsHardAssertion" time="0.009" classname="com.vtiger.genericLib.Assertions"/>
  <testcase name="checkStrictSoftAssertion" time="0.002" classname="com.vtiger.genericLib.Assertions"/>
</testsuite> <!-- com.vtiger.genericLib.Assertions -->
